<?xml version="1.0" encoding="UTF-8"?>
<testsuite name="MainHospitalTest" tests="6" skipped="0" failures="0" errors="0" timestamp="2024-08-13T22:32:34" hostname="RYZEN5" time="0.119">
  <properties/>
  <testcase name="eliminarPacienteporNombre()" classname="MainHospitalTest" time="0.084"/>
  <testcase name="reservarCita()" classname="MainHospitalTest" time="0.002"/>
  <testcase name="agregarPaciente()" classname="MainHospitalTest" time="0.003"/>
  <testcase name="buscarPacienteporNombre()" classname="MainHospitalTest" time="0.006"/>
  <testcase name="mostrarCitasDisponibles()" classname="MainHospitalTest" time="0.001"/>
  <testcase name="agregarVeterinario()" classname="MainHospitalTest" time="0.002"/>
  <system-out><![CDATA[]]></system-out>
  <system-err><![CDATA[]]></system-err>
</testsuite>
