<?xml version="1.0" encoding="UTF-8"?>
<testsuite name="MainHospitalTest" tests="1" skipped="0" failures="0" errors="0" timestamp="2024-08-14T16:14:50" hostname="RYZEN5" time="0.028">
  <properties/>
  <testcase name="agregarConsulta()" classname="MainHospitalTest" time="0.028"/>
  <system-out><![CDATA[]]></system-out>
  <system-err><![CDATA[]]></system-err>
</testsuite>
